timestamp: 2023-04-10T20:06:14.274299
CREATE TABLE "auth_user"(
    "id" INTEGER PRIMARY KEY AUTOINCREMENT,
    "username" CHAR(512) UNIQUE,
    "email" CHAR(512) UNIQUE,
    "password" CHAR(512),
    "first_name" CHAR(512),
    "last_name" CHAR(512),
    "sso_id" CHAR(512),
    "action_token" CHAR(512),
    "last_password_change" TIMESTAMP,
    "past_passwords_hash" TEXT
);
success!
timestamp: 2023-04-10T20:06:14.285403
CREATE TABLE "auth_user_tag_groups"(
    "id" INTEGER PRIMARY KEY AUTOINCREMENT,
    "tagpath" CHAR(512),
    "record_id" INTEGER REFERENCES "auth_user" ("id") ON DELETE CASCADE ON UPDATE CASCADE  
);
success!
timestamp: 2023-04-10T20:42:34.262253
CREATE TABLE "todo"(
    "id" INTEGER PRIMARY KEY AUTOINCREMENT,
    "what" CHAR(512)
);
success!
timestamp: 2023-04-10T20:48:58.184991
ALTER TABLE "todo" ADD "when" TIMESTAMP;
success!
